# JRE version: Java(TM) SE Runtime Environment (8.0_221-b11) (build 1.8.0_221-b11)
# Java VM: Java HotSpot(TM) 64-Bit Server VM (25.221-b11 mixed mode windows-amd64 compressed oops)
Heap:
 PSYoungGen      total 25088K, used 17236K [0x00000000e4780000, 0x00000000e7880000, 0x0000000100000000)
  eden space 21504K, 63% used [0x00000000e4780000,0x00000000e54dd058,0x00000000e5c80000)
  from space 3584K, 99% used [0x00000000e5c80000,0x00000000e5ff8040,0x00000000e6000000)
  to   space 3584K, 0% used [0x00000000e7500000,0x00000000e7500000,0x00000000e7880000)
 ParOldGen       total 57344K, used 2273K [0x00000000ad600000, 0x00000000b0e00000, 0x00000000e4780000)
  object space 57344K, 3% used [0x00000000ad600000,0x00000000ad838740,0x00000000b0e00000)
 Metaspace       used 16821K, capacity 17722K, committed 17920K, reserved 1064960K
  class space    used 2305K, capacity 2498K, committed 2560K, reserved 1048576K
GC Heap History (6 events):
Event: 1.196 GC heap before
{Heap before GC invocations=1 (full 0):
 PSYoungGen      total 25088K, used 21504K [0x00000000e4780000, 0x00000000e6380000, 0x0000000100000000)
  eden space 21504K, 100% used [0x00000000e4780000,0x00000000e5c80000,0x00000000e5c80000)
  from space 3584K, 0% used [0x00000000e6000000,0x00000000e6000000,0x00000000e6380000)
  to   space 3584K, 0% used [0x00000000e5c80000,0x00000000e5c80000,0x00000000e6000000)
 ParOldGen       total 57344K, used 0K [0x00000000ad600000, 0x00000000b0e00000, 0x00000000e4780000)
  object space 57344K, 0% used [0x00000000ad600000,0x00000000ad600000,0x00000000b0e00000)
 Metaspace       used 7451K, capacity 7766K, committed 7936K, reserved 1056768K
  class space    used 824K, capacity 929K, committed 1024K, reserved 1048576K
Event: 1.202 GC heap after
Heap after GC invocations=1 (full 0):
 PSYoungGen      total 25088K, used 2614K [0x00000000e4780000, 0x00000000e6380000, 0x0000000100000000)
  eden space 21504K, 0% used [0x00000000e4780000,0x00000000e4780000,0x00000000e5c80000)
  from space 3584K, 72% used [0x00000000e5c80000,0x00000000e5f0d888,0x00000000e6000000)
  to   space 3584K, 0% used [0x00000000e6000000,0x00000000e6000000,0x00000000e6380000)
 ParOldGen       total 57344K, used 16K [0x00000000ad600000, 0x00000000b0e00000, 0x00000000e4780000)
  object space 57344K, 0% used [0x00000000ad600000,0x00000000ad604000,0x00000000b0e00000)
 Metaspace       used 7451K, capacity 7766K, committed 7936K, reserved 1056768K
  class space    used 824K, capacity 929K, committed 1024K, reserved 1048576K
}
Event: 1.399 GC heap before
{Heap before GC invocations=2 (full 0):
 PSYoungGen      total 25088K, used 24118K [0x00000000e4780000, 0x00000000e6380000, 0x0000000100000000)
  eden space 21504K, 100% used [0x00000000e4780000,0x00000000e5c80000,0x00000000e5c80000)
  from space 3584K, 72% used [0x00000000e5c80000,0x00000000e5f0d888,0x00000000e6000000)
  to   space 3584K, 0% used [0x00000000e6000000,0x00000000e6000000,0x00000000e6380000)
 ParOldGen       total 57344K, used 16K [0x00000000ad600000, 0x00000000b0e00000, 0x00000000e4780000)
  object space 57344K, 0% used [0x00000000ad600000,0x00000000ad604000,0x00000000b0e00000)
 Metaspace       used 7485K, capacity 7766K, committed 7936K, reserved 1056768K
  class space    used 824K, capacity 929K, committed 1024K, reserved 1048576K
Event: 1.407 GC heap after
Heap after GC invocations=2 (full 0):
 PSYoungGen      total 25088K, used 3525K [0x00000000e4780000, 0x00000000e7880000, 0x0000000100000000)
  eden space 21504K, 0% used [0x00000000e4780000,0x00000000e4780000,0x00000000e5c80000)
  from space 3584K, 98% used [0x00000000e6000000,0x00000000e6371788,0x00000000e6380000)
  to   space 3584K, 0% used [0x00000000e5c80000,0x00000000e5c80000,0x00000000e6000000)
 ParOldGen       total 57344K, used 24K [0x00000000ad600000, 0x00000000b0e00000, 0x00000000e4780000)
  object space 57344K, 0% used [0x00000000ad600000,0x00000000ad606000,0x00000000b0e00000)
 Metaspace       used 7485K, capacity 7766K, committed 7936K, reserved 1056768K
  class space    used 824K, capacity 929K, committed 1024K, reserved 1048576K
}
Event: 2.416 GC heap before
{Heap before GC invocations=3 (full 0):
 PSYoungGen      total 25088K, used 25029K [0x00000000e4780000, 0x00000000e7880000, 0x0000000100000000)
  eden space 21504K, 100% used [0x00000000e4780000,0x00000000e5c80000,0x00000000e5c80000)
  from space 3584K, 98% used [0x00000000e6000000,0x00000000e6371788,0x00000000e6380000)
  to   space 3584K, 0% used [0x00000000e5c80000,0x00000000e5c80000,0x00000000e6000000)
 ParOldGen       total 57344K, used 24K [0x00000000ad600000, 0x00000000b0e00000, 0x00000000e4780000)
  object space 57344K, 0% used [0x00000000ad600000,0x00000000ad606000,0x00000000b0e00000)
 Metaspace       used 13489K, capacity 13984K, committed 14208K, reserved 1060864K
  class space    used 1771K, capacity 1913K, committed 1920K, reserved 1048576K
Event: 2.428 GC heap after
Heap after GC invocations=3 (full 0):
 PSYoungGen      total 25088K, used 3552K [0x00000000e4780000, 0x00000000e7880000, 0x0000000100000000)
  eden space 21504K, 0% used [0x00000000e4780000,0x00000000e4780000,0x00000000e5c80000)
  from space 3584K, 99% used [0x00000000e5c80000,0x00000000e5ff8040,0x00000000e6000000)
  to   space 3584K, 0% used [0x00000000e7500000,0x00000000e7500000,0x00000000e7880000)
 ParOldGen       total 57344K, used 2273K [0x00000000ad600000, 0x00000000b0e00000, 0x00000000e4780000)
  object space 57344K, 3% used [0x00000000ad600000,0x00000000ad838740,0x00000000b0e00000)
 Metaspace       used 13489K, capacity 13984K, committed 14208K, reserved 1060864K
  class space    used 1771K, capacity 1913K, committed 1920K, reserved 1048576K
}

